[debug] [2026-06-06T12:53:48.730Z] ----------------------------------------------------------------------
[debug] [2026-06-06T12:53:48.732Z] Command:       C:\Program Files\nodejs\node.exe C:\Users\GRUPOREFLEX\AppData\Roaming\npm\node_modules\firebase-tools\lib\bin\firebase.js deploy --only functions
[debug] [2026-06-06T12:53:48.733Z] CLI Version:   15.15.0
[debug] [2026-06-06T12:53:48.733Z] Platform:      win32
[debug] [2026-06-06T12:53:48.733Z] Node Version:  v22.16.0
[debug] [2026-06-06T12:53:48.733Z] Time:          Sat Jun 06 2026 09:53:48 GMT-0300 (Horário Padrão de Brasília)
[debug] [2026-06-06T12:53:48.733Z] ----------------------------------------------------------------------
[debug] 
[debug] [2026-06-06T12:53:50.294Z] > command requires scopes: ["email","openid","https://www.googleapis.com/auth/cloudplatformprojects.readonly","https://www.googleapis.com/auth/firebase","https://www.googleapis.com/auth/cloud-platform"]
[debug] [2026-06-06T12:53:50.294Z] > authorizing via signed-in user (cepaulodetarso.sbo@gmail.com)
[debug] [2026-06-06T12:53:50.295Z] [iam] checking project voluntarios-ativos---cepat for permissions ["cloudfunctions.functions.create","cloudfunctions.functions.delete","cloudfunctions.functions.get","cloudfunctions.functions.list","cloudfunctions.functions.update","cloudfunctions.operations.get","firebase.projects.get"]
[debug] [2026-06-06T12:53:50.296Z] Checked if tokens are valid: true, expires at: 1780753625781
[debug] [2026-06-06T12:53:50.296Z] Checked if tokens are valid: true, expires at: 1780753625781
[debug] [2026-06-06T12:53:50.297Z] >>> [apiv2][query] POST https://cloudresourcemanager.googleapis.com/v1/projects/voluntarios-ativos---cepat:testIamPermissions [none]
[debug] [2026-06-06T12:53:50.297Z] >>> [apiv2][(partial)header] POST https://cloudresourcemanager.googleapis.com/v1/projects/voluntarios-ativos---cepat:testIamPermissions  x-goog-user-project=voluntarios-ativos---cepat
[debug] [2026-06-06T12:53:50.297Z] >>> [apiv2][body] POST https://cloudresourcemanager.googleapis.com/v1/projects/voluntarios-ativos---cepat:testIamPermissions {"permissions":["cloudfunctions.functions.create","cloudfunctions.functions.delete","cloudfunctions.functions.get","cloudfunctions.functions.list","cloudfunctions.functions.update","cloudfunctions.operations.get","firebase.projects.get"]}
[debug] [2026-06-06T12:53:50.758Z] <<< [apiv2][status] POST https://cloudresourcemanager.googleapis.com/v1/projects/voluntarios-ativos---cepat:testIamPermissions 200
[debug] [2026-06-06T12:53:50.758Z] <<< [apiv2][body] POST https://cloudresourcemanager.googleapis.com/v1/projects/voluntarios-ativos---cepat:testIamPermissions {"permissions":["cloudfunctions.functions.create","cloudfunctions.functions.delete","cloudfunctions.functions.get","cloudfunctions.functions.list","cloudfunctions.functions.update","cloudfunctions.operations.get","firebase.projects.get"]}
[debug] [2026-06-06T12:53:50.758Z] Checked if tokens are valid: true, expires at: 1780753625781
[debug] [2026-06-06T12:53:50.758Z] Checked if tokens are valid: true, expires at: 1780753625781
[debug] [2026-06-06T12:53:50.758Z] >>> [apiv2][query] POST https://iam.googleapis.com/v1/projects/voluntarios-ativos---cepat/serviceAccounts/voluntarios-ativos---cepat@appspot.gserviceaccount.com:testIamPermissions [none]
[debug] [2026-06-06T12:53:50.758Z] >>> [apiv2][body] POST https://iam.googleapis.com/v1/projects/voluntarios-ativos---cepat/serviceAccounts/voluntarios-ativos---cepat@appspot.gserviceaccount.com:testIamPermissions {"permissions":["iam.serviceAccounts.actAs"]}
[debug] [2026-06-06T12:53:51.702Z] <<< [apiv2][status] POST https://iam.googleapis.com/v1/projects/voluntarios-ativos---cepat/serviceAccounts/voluntarios-ativos---cepat@appspot.gserviceaccount.com:testIamPermissions 200
[debug] [2026-06-06T12:53:51.702Z] <<< [apiv2][body] POST https://iam.googleapis.com/v1/projects/voluntarios-ativos---cepat/serviceAccounts/voluntarios-ativos---cepat@appspot.gserviceaccount.com:testIamPermissions {"permissions":["iam.serviceAccounts.actAs"]}
[info] 
[info] === Deploying to 'voluntarios-ativos---cepat'...
[info] 
[info] i  deploying functions 
[debug] [2026-06-06T12:53:51.706Z] Checked if tokens are valid: true, expires at: 1780753625781
[debug] [2026-06-06T12:53:51.706Z] Checked if tokens are valid: true, expires at: 1780753625781
[debug] [2026-06-06T12:53:51.706Z] >>> [apiv2][query] GET https://cloudresourcemanager.googleapis.com/v1/projects/voluntarios-ativos---cepat [none]
[debug] [2026-06-06T12:53:51.918Z] <<< [apiv2][status] GET https://cloudresourcemanager.googleapis.com/v1/projects/voluntarios-ativos---cepat 200
[debug] [2026-06-06T12:53:51.918Z] <<< [apiv2][body] GET https://cloudresourcemanager.googleapis.com/v1/projects/voluntarios-ativos---cepat {"projectNumber":"66122858261","projectId":"voluntarios-ativos---cepat","lifecycleState":"ACTIVE","name":"Voluntarios Ativos - CEPaT","labels":{"firebase":"enabled","firebase-core":"disabled"},"createTime":"2025-06-06T16:46:22.019032Z"}
[info] i  functions: preparing codebase default for deployment 
[info] i  functions: ensuring required API cloudfunctions.googleapis.com is enabled... 
[info] i  functions: ensuring required API cloudbuild.googleapis.com is enabled... 
[info] i  artifactregistry: ensuring required API artifactregistry.googleapis.com is enabled... 
[debug] [2026-06-06T12:53:51.921Z] Checked if tokens are valid: true, expires at: 1780753625781
[debug] [2026-06-06T12:53:51.921Z] Checked if tokens are valid: true, expires at: 1780753625781
[debug] [2026-06-06T12:53:51.921Z] >>> [apiv2][query] GET https://firebase.googleapis.com/v1beta1/projects/voluntarios-ativos---cepat/adminSdkConfig [none]
[debug] [2026-06-06T12:53:52.571Z] <<< [apiv2][status] GET https://firebase.googleapis.com/v1beta1/projects/voluntarios-ativos---cepat/adminSdkConfig 200
[debug] [2026-06-06T12:53:52.571Z] <<< [apiv2][body] GET https://firebase.googleapis.com/v1beta1/projects/voluntarios-ativos---cepat/adminSdkConfig {"projectId":"voluntarios-ativos---cepat","storageBucket":"voluntarios-ativos---cepat.firebasestorage.app"}
[debug] [2026-06-06T12:53:52.572Z] Checked if tokens are valid: true, expires at: 1780753625781
[debug] [2026-06-06T12:53:52.572Z] Checked if tokens are valid: true, expires at: 1780753625781
[debug] [2026-06-06T12:53:52.572Z] >>> [apiv2][query] GET https://runtimeconfig.googleapis.com/v1beta1/projects/voluntarios-ativos---cepat/configs [none]
[debug] [2026-06-06T12:53:53.922Z] <<< [apiv2][status] GET https://runtimeconfig.googleapis.com/v1beta1/projects/voluntarios-ativos---cepat/configs 200
[debug] [2026-06-06T12:53:53.922Z] <<< [apiv2][body] GET https://runtimeconfig.googleapis.com/v1beta1/projects/voluntarios-ativos---cepat/configs {"configs":[{"name":"projects/voluntarios-ativos---cepat/configs/vapid"}]}
[debug] [2026-06-06T12:53:53.922Z] Checked if tokens are valid: true, expires at: 1780753625781
[debug] [2026-06-06T12:53:53.923Z] Checked if tokens are valid: true, expires at: 1780753625781
[debug] [2026-06-06T12:53:53.923Z] >>> [apiv2][query] GET https://runtimeconfig.googleapis.com/v1beta1/projects/voluntarios-ativos---cepat/configs/vapid/variables [none]
[debug] [2026-06-06T12:53:55.024Z] <<< [apiv2][status] GET https://runtimeconfig.googleapis.com/v1beta1/projects/voluntarios-ativos---cepat/configs/vapid/variables 200
[debug] [2026-06-06T12:53:55.024Z] <<< [apiv2][body] GET https://runtimeconfig.googleapis.com/v1beta1/projects/voluntarios-ativos---cepat/configs/vapid/variables {"variables":[{"name":"projects/voluntarios-ativos---cepat/configs/vapid/variables/private_key","updateTime":"2025-08-12T19:15:58.510730615Z"},{"name":"projects/voluntarios-ativos---cepat/configs/vapid/variables/public_key","updateTime":"2025-08-12T19:15:58.595548567Z"}]}
[debug] [2026-06-06T12:53:55.024Z] Checked if tokens are valid: true, expires at: 1780753625781
[debug] [2026-06-06T12:53:55.025Z] Checked if tokens are valid: true, expires at: 1780753625781
[debug] [2026-06-06T12:53:55.025Z] Checked if tokens are valid: true, expires at: 1780753625781
[debug] [2026-06-06T12:53:55.025Z] Checked if tokens are valid: true, expires at: 1780753625781
[debug] [2026-06-06T12:53:55.025Z] >>> [apiv2][query] GET https://runtimeconfig.googleapis.com/v1beta1/projects/voluntarios-ativos---cepat/configs/vapid/variables/private_key [none]
[debug] [2026-06-06T12:53:55.025Z] >>> [apiv2][query] GET https://runtimeconfig.googleapis.com/v1beta1/projects/voluntarios-ativos---cepat/configs/vapid/variables/public_key [none]
[debug] [2026-06-06T12:53:56.108Z] <<< [apiv2][status] GET https://runtimeconfig.googleapis.com/v1beta1/projects/voluntarios-ativos---cepat/configs/vapid/variables/private_key 200
[debug] [2026-06-06T12:53:56.108Z] <<< [apiv2][body] GET https://runtimeconfig.googleapis.com/v1beta1/projects/voluntarios-ativos---cepat/configs/vapid/variables/private_key {"name":"projects/voluntarios-ativos---cepat/configs/vapid/variables/private_key","updateTime":"2025-08-12T19:15:58.510730615Z","text":"ZYrRmpx7rE5jvui14SLbOJztv5LUVYGYVmQCJuzCMmw"}
[debug] [2026-06-06T12:53:56.485Z] <<< [apiv2][status] GET https://runtimeconfig.googleapis.com/v1beta1/projects/voluntarios-ativos---cepat/configs/vapid/variables/public_key 200
[debug] [2026-06-06T12:53:56.486Z] <<< [apiv2][body] GET https://runtimeconfig.googleapis.com/v1beta1/projects/voluntarios-ativos---cepat/configs/vapid/variables/public_key {"name":"projects/voluntarios-ativos---cepat/configs/vapid/variables/public_key","updateTime":"2025-08-12T19:15:58.595548567Z","text":"BGaM9G1T3U_aftlwSCb5hXS8ntLMNLPQnpnnpavFRHDLxmJY94tQeQR75DmIaRGzglmZPZU1QlXUsrRXHgsUGJo"}
[debug] [2026-06-06T12:53:56.506Z] Validating nodejs source
[warn] !  functions: Couldn't find firebase-functions package in your source code. Have you run 'npm install'? 
[debug] [2026-06-06T12:53:56.508Z] getFunctionsSDKVersion encountered error: Cannot find module 'firebase-functions'
Require stack:
- C:\Users\GRUPOREFLEX\AppData\Roaming\npm\node_modules\firebase-tools\lib\deploy\functions\runtimes\node\versioning.js
- C:\Users\GRUPOREFLEX\AppData\Roaming\npm\node_modules\firebase-tools\lib\deploy\functions\runtimes\node\index.js
- C:\Users\GRUPOREFLEX\AppData\Roaming\npm\node_modules\firebase-tools\lib\deploy\functions\runtimes\index.js
- C:\Users\GRUPOREFLEX\AppData\Roaming\npm\node_modules\firebase-tools\lib\deploy\functions\prepare.js
- C:\Users\GRUPOREFLEX\AppData\Roaming\npm\node_modules\firebase-tools\lib\emulator\functionsEmulatorShared.js
- C:\Users\GRUPOREFLEX\AppData\Roaming\npm\node_modules\firebase-tools\lib\frameworks\index.js
- C:\Users\GRUPOREFLEX\AppData\Roaming\npm\node_modules\firebase-tools\lib\deploy\hosting\prepare.js
- C:\Users\GRUPOREFLEX\AppData\Roaming\npm\node_modules\firebase-tools\lib\deploy\hosting\index.js
- C:\Users\GRUPOREFLEX\AppData\Roaming\npm\node_modules\firebase-tools\lib\deploy\index.js
- C:\Users\GRUPOREFLEX\AppData\Roaming\npm\node_modules\firebase-tools\lib\commands\deploy.js
- C:\Users\GRUPOREFLEX\AppData\Roaming\npm\node_modules\firebase-tools\lib\commands\index.js
- C:\Users\GRUPOREFLEX\AppData\Roaming\npm\node_modules\firebase-tools\lib\index.js
- C:\Users\GRUPOREFLEX\AppData\Roaming\npm\node_modules\firebase-tools\lib\bin\cli.js
- C:\Users\GRUPOREFLEX\AppData\Roaming\npm\node_modules\firebase-tools\lib\bin\firebase.js {"code":"MODULE_NOT_FOUND","requireStack":["C:\\Users\\GRUPOREFLEX\\AppData\\Roaming\\npm\\node_modules\\firebase-tools\\lib\\deploy\\functions\\runtimes\\node\\versioning.js","C:\\Users\\GRUPOREFLEX\\AppData\\Roaming\\npm\\node_modules\\firebase-tools\\lib\\deploy\\functions\\runtimes\\node\\index.js","C:\\Users\\GRUPOREFLEX\\AppData\\Roaming\\npm\\node_modules\\firebase-tools\\lib\\deploy\\functions\\runtimes\\index.js","C:\\Users\\GRUPOREFLEX\\AppData\\Roaming\\npm\\node_modules\\firebase-tools\\lib\\deploy\\functions\\prepare.js","C:\\Users\\GRUPOREFLEX\\AppData\\Roaming\\npm\\node_modules\\firebase-tools\\lib\\emulator\\functionsEmulatorShared.js","C:\\Users\\GRUPOREFLEX\\AppData\\Roaming\\npm\\node_modules\\firebase-tools\\lib\\frameworks\\index.js","C:\\Users\\GRUPOREFLEX\\AppData\\Roaming\\npm\\node_modules\\firebase-tools\\lib\\deploy\\hosting\\prepare.js","C:\\Users\\GRUPOREFLEX\\AppData\\Roaming\\npm\\node_modules\\firebase-tools\\lib\\deploy\\hosting\\index.js","C:\\Users\\GRUPOREFLEX\\AppData\\Roaming\\npm\\node_modules\\firebase-tools\\lib\\deploy\\index.js","C:\\Users\\GRUPOREFLEX\\AppData\\Roaming\\npm\\node_modules\\firebase-tools\\lib\\commands\\deploy.js","C:\\Users\\GRUPOREFLEX\\AppData\\Roaming\\npm\\node_modules\\firebase-tools\\lib\\commands\\index.js","C:\\Users\\GRUPOREFLEX\\AppData\\Roaming\\npm\\node_modules\\firebase-tools\\lib\\index.js","C:\\Users\\GRUPOREFLEX\\AppData\\Roaming\\npm\\node_modules\\firebase-tools\\lib\\bin\\cli.js","C:\\Users\\GRUPOREFLEX\\AppData\\Roaming\\npm\\node_modules\\firebase-tools\\lib\\bin\\firebase.js"]}
[debug] [2026-06-06T12:53:56.509Z] checkFunctionsSDKVersion encountered error: Invalid Version:  {}
[debug] [2026-06-06T12:53:56.509Z] > [functions] package.json contents: {
  "name": "functions",
  "description": "Cloud Functions for Firebase",
  "main": "index.js",
  "dependencies": {
    "@ffmpeg-installer/ffmpeg": "^1.1.0",
    "@google-cloud/speech": "^7.3.0",
    "axios": "^1.11.0",
    "bwip-js": "^4.7.0",
    "canvas": "^3.2.2",
    "cors": "^2.8.5",
    "firebase-admin": "^13.8.0",
    "firebase-functions": "^7.2.5",
    "fluent-ffmpeg": "^2.1.3",
    "fuse.js": "^7.0.0",
    "googleapis": "^105.0.0",
    "sharp": "^0.34.3",
    "web-push": "^3.6.0"
  },
  "engines": {
    "node": "22"
  },
  "private": true
}
[debug] [2026-06-06T12:53:56.509Z] Building nodejs source
[info] i  functions: Loading and analyzing source code for codebase default to determine what to deploy 
[debug] [2026-06-06T12:53:56.510Z] Could not parse firebase-functions version '' into semver.
[debug] [2026-06-06T12:53:56.511Z] Could not find functions.yaml. Must use http discovery
[debug] [2026-06-06T12:53:56.521Z] Error: Cannot find module 'firebase-functions'
Require stack:
- C:\Users\GRUPOREFLEX\AppData\Roaming\npm\node_modules\firebase-tools\lib\deploy\functions\runtimes\node\index.js
- C:\Users\GRUPOREFLEX\AppData\Roaming\npm\node_modules\firebase-tools\lib\deploy\functions\runtimes\index.js
- C:\Users\GRUPOREFLEX\AppData\Roaming\npm\node_modules\firebase-tools\lib\deploy\functions\prepare.js
- C:\Users\GRUPOREFLEX\AppData\Roaming\npm\node_modules\firebase-tools\lib\emulator\functionsEmulatorShared.js
- C:\Users\GRUPOREFLEX\AppData\Roaming\npm\node_modules\firebase-tools\lib\frameworks\index.js
- C:\Users\GRUPOREFLEX\AppData\Roaming\npm\node_modules\firebase-tools\lib\deploy\hosting\prepare.js
- C:\Users\GRUPOREFLEX\AppData\Roaming\npm\node_modules\firebase-tools\lib\deploy\hosting\index.js
- C:\Users\GRUPOREFLEX\AppData\Roaming\npm\node_modules\firebase-tools\lib\deploy\index.js
- C:\Users\GRUPOREFLEX\AppData\Roaming\npm\node_modules\firebase-tools\lib\commands\deploy.js
- C:\Users\GRUPOREFLEX\AppData\Roaming\npm\node_modules\firebase-tools\lib\commands\index.js
- C:\Users\GRUPOREFLEX\AppData\Roaming\npm\node_modules\firebase-tools\lib\index.js
- C:\Users\GRUPOREFLEX\AppData\Roaming\npm\node_modules\firebase-tools\lib\bin\cli.js
- C:\Users\GRUPOREFLEX\AppData\Roaming\npm\node_modules\firebase-tools\lib\bin\firebase.js
    at Function._resolveFilename (node:internal/modules/cjs/loader:1401:15)
    at Function.resolve (node:internal/modules/helpers:145:19)
    at Delegate.findFunctionsBinary (C:\Users\GRUPOREFLEX\AppData\Roaming\npm\node_modules\firebase-tools\lib\deploy\functions\runtimes\node\index.js:101:33)
    at Delegate.spawnFunctionsProcess (C:\Users\GRUPOREFLEX\AppData\Roaming\npm\node_modules\firebase-tools\lib\deploy\functions\runtimes\node\index.js:131:30)
    at Delegate.serveAdmin (C:\Users\GRUPOREFLEX\AppData\Roaming\npm\node_modules\firebase-tools\lib\deploy\functions\runtimes\node\index.js:152:35)
    at Delegate.discoverBuild (C:\Users\GRUPOREFLEX\AppData\Roaming\npm\node_modules\firebase-tools\lib\deploy\functions\runtimes\node\index.js:192:41)
    at process.processTicksAndRejections (node:internal/process/task_queues:105:5)
    at async loadCodebases (C:\Users\GRUPOREFLEX\AppData\Roaming\npm\node_modules\firebase-tools\lib\deploy\functions\prepare.js:380:33)
    at async prepare (C:\Users\GRUPOREFLEX\AppData\Roaming\npm\node_modules\firebase-tools\lib\deploy\functions\prepare.js:73:24)
    at async chain (C:\Users\GRUPOREFLEX\AppData\Roaming\npm\node_modules\firebase-tools\lib\deploy\index.js:45:9)
[error] 
[error] Error: An unexpected error has occurred.
